Build started 2015-03-17 19:05:05.
     1>Project "H:\Windows7\Documents\Konyushenko\HomeworkLab02P4\HomeworkLab02P4\HomeworkLab02P4.vcxproj" on node 2 (Build target(s)).
     1>ClCompile:
         C:\Program Files (x86)\Microsoft Visual Studio 11.0\VC\bin\CL.exe /c /ZI /nologo /W3 /WX- /sdl /Od /Oy- /D WIN32 /D _DEBUG /D _WINDOWS /D _UNICODE /D UNICODE /Gm /EHsc /RTC1 /MDd /GS /fp:precise /Zc:wchar_t /Zc:forScope /Yu"stdafx.h" /Fp"Debug\HomeworkLab02P4.pch" /Fo"Debug\\" /Fd"Debug\vc110.pdb" /Gd /TP /analyze- /errorReport:prompt HomeworkLab02P4.cpp
         HomeworkLab02P4.cpp
     1>h:\windows7\documents\konyushenko\homeworklab02p4\homeworklab02p4\homeworklab02p4.cpp(422): warning C4101: 'wmId' : unreferenced local variable
     1>h:\windows7\documents\konyushenko\homeworklab02p4\homeworklab02p4\homeworklab02p4.cpp(422): warning C4101: 'wmEvent' : unreferenced local variable
     1>h:\windows7\documents\konyushenko\homeworklab02p4\homeworklab02p4\homeworklab02p4.cpp(546): warning C4101: 'wmId' : unreferenced local variable
     1>h:\windows7\documents\konyushenko\homeworklab02p4\homeworklab02p4\homeworklab02p4.cpp(546): warning C4101: 'wmEvent' : unreferenced local variable
     1>h:\windows7\documents\konyushenko\homeworklab02p4\homeworklab02p4\homeworklab02p4.cpp(607): warning C4101: 'wmId' : unreferenced local variable
     1>h:\windows7\documents\konyushenko\homeworklab02p4\homeworklab02p4\homeworklab02p4.cpp(607): warning C4101: 'wmEvent' : unreferenced local variable
       ResourceCompile:
         C:\Program Files (x86)\Windows Kits\8.0\bin\x86\rc.exe /D _UNICODE /D UNICODE /l"0x0409" /nologo /fo"Debug\HomeworkLab02P4.res" HomeworkLab02P4.rc 
       Link:
         C:\Program Files (x86)\Microsoft Visual Studio 11.0\VC\bin\link.exe /ERRORREPORT:PROMPT /OUT:"H:\Windows7\Documents\Konyushenko\HomeworkLab02P4\Debug\HomeworkLab02P4.exe" /INCREMENTAL /NOLOGO kernel32.lib user32.lib gdi32.lib winspool.lib comdlg32.lib advapi32.lib shell32.lib ole32.lib oleaut32.lib uuid.lib odbc32.lib odbccp32.lib /MANIFEST /MANIFESTUAC:"level='asInvoker' uiAccess='false'" /manifest:embed /DEBUG /PDB:"H:\Windows7\Documents\Konyushenko\HomeworkLab02P4\Debug\HomeworkLab02P4.pdb" /SUBSYSTEM:WINDOWS /TLBID:1 /DYNAMICBASE /NXCOMPAT /IMPLIB:"H:\Windows7\Documents\Konyushenko\HomeworkLab02P4\Debug\HomeworkLab02P4.lib" /MACHINE:X86 Debug\HomeworkLab02P4.res
         Debug\HomeworkLab02P4.obj
         Debug\stdafx.obj
         HomeworkLab02P4.vcxproj -> H:\Windows7\Documents\Konyushenko\HomeworkLab02P4\Debug\HomeworkLab02P4.exe
     1>Done Building Project "H:\Windows7\Documents\Konyushenko\HomeworkLab02P4\HomeworkLab02P4\HomeworkLab02P4.vcxproj" (Build target(s)).

Build succeeded.

Time Elapsed 00:00:01.41
