Build started 2015-03-18 14:50:34.
     1>Project "H:\Windows7\Documents\GitHub\Pong-Game-Win32API\HomeworkLab02P4\HomeworkLab02P4\HomeworkLab02P4.vcxproj" on node 2 (Build target(s)).
     1>ClCompile:
         C:\Program Files (x86)\Microsoft Visual Studio 11.0\VC\bin\CL.exe /c /Zi /nologo /W3 /WX- /sdl /O2 /Oi /Oy- /GL /D WIN32 /D NDEBUG /D _WINDOWS /D _UNICODE /D UNICODE /Gm- /EHsc /MD /GS /Gy /fp:precise /Zc:wchar_t /Zc:forScope /Yu"stdafx.h" /Fp"Release\HomeworkLab02P4.pch" /Fo"Release\\" /Fd"Release\vc110.pdb" /Gd /TP /analyze- /errorReport:prompt HomeworkLab02P4.cpp
         HomeworkLab02P4.cpp
     1>HomeworkLab02P4.cpp(423): warning C4101: 'wmId' : unreferenced local variable
     1>HomeworkLab02P4.cpp(423): warning C4101: 'wmEvent' : unreferenced local variable
     1>HomeworkLab02P4.cpp(547): warning C4101: 'wmId' : unreferenced local variable
     1>HomeworkLab02P4.cpp(547): warning C4101: 'wmEvent' : unreferenced local variable
     1>HomeworkLab02P4.cpp(608): warning C4101: 'wmId' : unreferenced local variable
     1>HomeworkLab02P4.cpp(608): warning C4101: 'wmEvent' : unreferenced local variable
       Link:
         C:\Program Files (x86)\Microsoft Visual Studio 11.0\VC\bin\link.exe /ERRORREPORT:PROMPT /OUT:"H:\Windows7\Documents\GitHub\Pong-Game-Win32API\HomeworkLab02P4\Release\HomeworkLab02P4.exe" /INCREMENTAL:NO /NOLOGO kernel32.lib user32.lib gdi32.lib winspool.lib comdlg32.lib advapi32.lib shell32.lib ole32.lib oleaut32.lib uuid.lib odbc32.lib odbccp32.lib /MANIFEST /MANIFESTUAC:"level='asInvoker' uiAccess='false'" /manifest:embed /DEBUG /PDB:"H:\Windows7\Documents\GitHub\Pong-Game-Win32API\HomeworkLab02P4\Release\HomeworkLab02P4.pdb" /SUBSYSTEM:WINDOWS /OPT:REF /OPT:ICF /LTCG /TLBID:1 /DYNAMICBASE /NXCOMPAT /IMPLIB:"H:\Windows7\Documents\GitHub\Pong-Game-Win32API\HomeworkLab02P4\Release\HomeworkLab02P4.lib" /MACHINE:X86 /SAFESEH Release\HomeworkLab02P4.res
         Release\HomeworkLab02P4.obj
         Release\stdafx.obj
         Generating code
         Finished generating code
         HomeworkLab02P4.vcxproj -> H:\Windows7\Documents\GitHub\Pong-Game-Win32API\HomeworkLab02P4\Release\HomeworkLab02P4.exe
     1>Done Building Project "H:\Windows7\Documents\GitHub\Pong-Game-Win32API\HomeworkLab02P4\HomeworkLab02P4\HomeworkLab02P4.vcxproj" (Build target(s)).

Build succeeded.

Time Elapsed 00:00:01.24
